<?xml version="1.0" encoding="UTF-8"?>
<!-- Generated by org.testng.reporters.JUnitReportReporter -->
<testsuite hostname="Mac" failures="0" tests="4" name="com.neotech.lesson02.EnableAndDisable" time="0.004" errors="0" timestamp="2025-06-29T12:53:42 EDT" skipped="2">
  <testcase classname="com.neotech.lesson02.EnableAndDisable" name="firstMethod" time="0.003"/>
  <testcase classname="com.neotech.lesson02.EnableAndDisable" name="fourthMethod" time="0.001"/>
  <testcase classname="com.neotech.lesson02.EnableAndDisable" name="secondMethod">
    <skipped/>
  </testcase> <!-- secondMethod -->
  <testcase classname="com.neotech.lesson02.EnableAndDisable" name="thirdMethod">
    <skipped/>
  </testcase> <!-- thirdMethod -->
</testsuite> <!-- com.neotech.lesson02.EnableAndDisable -->
