<?xml version="1.0" encoding="UTF-8"?>
<!-- Generated by org.testng.reporters.JUnitReportReporter -->
<testsuite hostname="ulker" failures="0" tests="3" name="com.neotech.lesson03.DataProviderDemo" time="16.357" errors="0" timestamp="2025-07-01T22:05:30 EDT" skipped="0">
  <testcase classname="com.neotech.lesson03.DataProviderDemo" name="loginFunctionality" time="3.573"/>
  <testcase classname="com.neotech.lesson03.DataProviderDemo" name="loginFunctionality" time="6.358"/>
  <testcase classname="com.neotech.lesson03.DataProviderDemo" name="loginFunctionality" time="6.426"/>
</testsuite> <!-- com.neotech.lesson03.DataProviderDemo -->
