<?xml version="1.0" encoding="UTF-8"?>
<!-- Generated by org.testng.reporters.JUnitReportReporter -->
<testsuite hostname="Sabah" failures="0" tests="3" name="com.neotech.lesson03.DataProviderDemo" time="27.269" errors="0" timestamp="2025-07-03T08:36:20 EDT" skipped="0">
  <testcase classname="com.neotech.lesson03.DataProviderDemo" name="loginFunctionality" time="8.105"/>
  <system-out/>
  <testcase classname="com.neotech.lesson03.DataProviderDemo" name="loginFunctionality" time="8.042"/>
  <system-out/>
  <testcase classname="com.neotech.lesson03.DataProviderDemo" name="loginFunctionality" time="11.122"/>
  <system-out/>
</testsuite> <!-- com.neotech.lesson03.DataProviderDemo -->
