<?xml version="1.0" encoding="UTF-8"?>
<!-- Generated by org.testng.reporters.JUnitReportReporter -->
<testsuite hostname="Mac" failures="0" tests="4" name="com.neotech.lesson02.PriorityDemo" time="0.004" errors="0" timestamp="2025-06-29T12:48:37 EDT" skipped="0">
  <testcase classname="com.neotech.lesson02.PriorityDemo" name="thirdMethod" time="0.003"/>
  <testcase classname="com.neotech.lesson02.PriorityDemo" name="firstMethod" time="0.001"/>
  <testcase classname="com.neotech.lesson02.PriorityDemo" name="secondMethod" time="0.000"/>
  <testcase classname="com.neotech.lesson02.PriorityDemo" name="fourthMethod" time="0.000"/>
</testsuite> <!-- com.neotech.lesson02.PriorityDemo -->
