<?xml version="1.0" encoding="UTF-8"?>
<!-- Generated by org.testng.reporters.JUnitReportReporter -->
<testsuite hostname="Mac" failures="0" tests="3" name="com.neotech.lesson01.TestNGAnnotations" time="126.456" errors="0" timestamp="2025-06-29T11:46:00 EDT" skipped="0">
  <testcase classname="com.neotech.lesson01.TestNGAnnotations" name="david" time="59.869"/>
  <testcase classname="com.neotech.lesson01.TestNGAnnotations" name="test3" time="19.740"/>
  <testcase classname="com.neotech.lesson01.TestNGAnnotations" name="test1" time="46.847"/>
</testsuite> <!-- com.neotech.lesson01.TestNGAnnotations -->
