<?xml version="1.0" encoding="UTF-8"?>
<!-- Generated by org.testng.reporters.JUnitReportReporter -->
<testsuite hostname="Mac" failures="0" tests="2" name="com.neotech.lesson01.TestNGMoreAnnotations" time="0.002" errors="0" timestamp="2025-06-29T14:51:22 EDT" skipped="0">
  <testcase classname="com.neotech.lesson01.TestNGMoreAnnotations" name="testTwo" time="0.001"/>
  <testcase classname="com.neotech.lesson01.TestNGMoreAnnotations" name="testOne" time="0.001"/>
</testsuite> <!-- com.neotech.lesson01.TestNGMoreAnnotations -->
