<?xml version="1.0" encoding="UTF-8"?>
<!-- Generated by org.testng.reporters.JUnitReportReporter -->
<testsuite hostname="Mac" failures="0" tests="3" name="com.neotech.lesson01.TitleAndLogoValidation" time="5.721" errors="0" timestamp="2025-06-29T14:51:22 EDT" skipped="1">
  <testcase classname="com.neotech.lesson01.TitleAndLogoValidation" name="logoValidation" time="1.845"/>
  <testcase classname="com.neotech.lesson01.TitleAndLogoValidation" name="loginValidation" time="3.876"/>
  <testcase classname="com.neotech.lesson01.TitleAndLogoValidation" name="titleValidation">
    <skipped/>
  </testcase> <!-- titleValidation -->
</testsuite> <!-- com.neotech.lesson01.TitleAndLogoValidation -->
