<?xml version="1.0" encoding="UTF-8"?>
<!-- Generated by org.testng.reporters.JUnitReportReporter -->
<testsuite hostname="Mac" failures="0" tests="4" name="com.neotech.lesson02.EnableAndDisable" time="0.003" errors="0" timestamp="2025-06-29T14:47:49 EDT" skipped="1">
  <testcase classname="com.neotech.lesson02.EnableAndDisable" name="firstMethod" time="0.003"/>
  <testcase classname="com.neotech.lesson02.EnableAndDisable" name="secondMethod" time="0.000"/>
  <testcase classname="com.neotech.lesson02.EnableAndDisable" name="fourthMethod" time="0.000"/>
  <testcase classname="com.neotech.lesson02.EnableAndDisable" name="thirdMethod">
    <skipped/>
  </testcase> <!-- thirdMethod -->
</testsuite> <!-- com.neotech.lesson02.EnableAndDisable -->
