<?xml version="1.0" encoding="UTF-8"?>
<!-- Generated by org.testng.reporters.JUnitReportReporter -->
<testsuite hostname="Mac" failures="0" tests="3" name="com.neotech.lesson01.TestNGAnnotations" time="0.002" errors="0" timestamp="2025-06-29T14:51:22 EDT" skipped="0">
  <testcase classname="com.neotech.lesson01.TestNGAnnotations" name="test2" time="0.002"/>
  <testcase classname="com.neotech.lesson01.TestNGAnnotations" name="test1" time="0.000"/>
  <testcase classname="com.neotech.lesson01.TestNGAnnotations" name="test3" time="0.000"/>
</testsuite> <!-- com.neotech.lesson01.TestNGAnnotations -->
