<?xml version="1.0" encoding="UTF-8"?>
<!-- Generated by org.testng.reporters.JUnitReportReporter -->
<testsuite hostname="Mac" failures="0" tests="2" name="com.neotech.lesson02.Homework1" time="13.054" errors="0" timestamp="2025-06-29T12:13:19 EDT" skipped="0">
  <testcase classname="com.neotech.lesson02.Homework1" name="negativeLoginTest" time="3.902"/>
  <testcase classname="com.neotech.lesson02.Homework1" name="loginValidation" time="9.152"/>
</testsuite> <!-- com.neotech.lesson02.Homework1 -->
