<?xml version="1.0" encoding="UTF-8"?>
<!-- Generated by org.testng.reporters.JUnitReportReporter -->
<testsuite hostname="Mac" failures="0" tests="1" name="com.neotech.lesson01.TestNGDemo" time="0.003" errors="0" timestamp="2025-06-29T11:39:57 EDT" skipped="0">
  <testcase classname="com.neotech.lesson01.TestNGDemo" name="testTwo" time="0.003"/>
</testsuite> <!-- com.neotech.lesson01.TestNGDemo -->
