<?xml version="1.0" encoding="UTF-8"?>
<!-- Generated by org.testng.reporters.JUnitReportReporter -->
<testsuite hostname="ulker" failures="0" tests="2" name="com.neotech.lesson03.GroupsDemo" time="0.000" errors="0" timestamp="2025-07-01T21:34:59 EDT" skipped="0">
  <testcase classname="com.neotech.lesson03.GroupsDemo" name="test1" time="0.000"/>
  <testcase classname="com.neotech.lesson03.GroupsDemo" name="test2" time="0.000"/>
</testsuite> <!-- com.neotech.lesson03.GroupsDemo -->
