<?xml version="1.0" encoding="UTF-8"?>
<!-- Generated by org.testng.reporters.JUnitReportReporter -->
<testsuite hostname="ulker" failures="0" tests="2" name="com.neotech.lesson01.TitleAndLogoValidation" time="6.577" errors="0" timestamp="2025-07-01T21:34:59 EDT" skipped="1">
  <testcase classname="com.neotech.lesson01.TitleAndLogoValidation" name="loginValidation" time="6.577"/>
  <testcase classname="com.neotech.lesson01.TitleAndLogoValidation" name="titleValidation">
    <skipped/>
  </testcase> <!-- titleValidation -->
</testsuite> <!-- com.neotech.lesson01.TitleAndLogoValidation -->
