<?xml version="1.0" encoding="UTF-8"?>
<!-- Generated by org.testng.reporters.JUnitReportReporter -->
<testsuite hostname="Mac" failures="0" tests="2" name="com.neotech.lesson02.Homework1" time="12.920" errors="0" timestamp="2025-06-29T14:29:47 EDT" skipped="0">
  <testcase classname="com.neotech.lesson02.Homework1" name="loginValidation" time="8.896"/>
  <testcase classname="com.neotech.lesson02.Homework1" name="negativeLoginTest" time="4.024"/>
</testsuite> <!-- com.neotech.lesson02.Homework1 -->
